Using pre-set license
Built from '2021.3/staging' branch; Version is '2021.3.19f1 (c9714fde33b6) revision 13201743'; Using compiler version '192829333'; Build Type 'Release'
OS: 'Windows 10  (10.0.19044) 64bit Core' Language: 'ko' Physical Memory: 16318 MB
BatchMode: 1, IsHumanControllingUs: 0, StartBugReporterOnCrash: 0, Is64bit: 1, IsPro: 1

COMMAND LINE ARGUMENTS:
C:\Program Files\Unity\Hub\Editor\2021.3.19f1\Editor\Unity.exe
-adb2
-batchMode
-noUpm
-name
AssetImportWorker0
-projectPath
C:/Users/cnpdi/Desktop/Git/Seopname/SeopGame
-logFile
Logs/AssetImportWorker0.log
-srvPort
6946
Successfully changed project path to: C:/Users/cnpdi/Desktop/Git/Seopname/SeopGame
C:/Users/cnpdi/Desktop/Git/Seopname/SeopGame
[UnityMemory] Configuration Parameters - Can be set up in boot.config
    "memorysetup-bucket-allocator-granularity=16"
    "memorysetup-bucket-allocator-bucket-count=8"
    "memorysetup-bucket-allocator-block-size=33554432"
    "memorysetup-bucket-allocator-block-count=8"
    "memorysetup-main-allocator-block-size=16777216"
    "memorysetup-thread-allocator-block-size=16777216"
    "memorysetup-gfx-main-allocator-block-size=16777216"
    "memorysetup-gfx-thread-allocator-block-size=16777216"
    "memorysetup-cache-allocator-block-size=4194304"
    "memorysetup-typetree-allocator-block-size=2097152"
    "memorysetup-profiler-bucket-allocator-granularity=16"
    "memorysetup-profiler-bucket-allocator-bucket-count=8"
    "memorysetup-profiler-bucket-allocator-block-size=33554432"
    "memorysetup-profiler-bucket-allocator-block-count=8"
    "memorysetup-profiler-allocator-block-size=16777216"
    "memorysetup-profiler-editor-allocator-block-size=1048576"
    "memorysetup-temp-allocator-size-main=16777216"
    "memorysetup-job-temp-allocator-block-size=2097152"
    "memorysetup-job-temp-allocator-block-size-background=1048576"
    "memorysetup-job-temp-allocator-reduction-small-platforms=262144"
    "memorysetup-temp-allocator-size-background-worker=32768"
    "memorysetup-temp-allocator-size-job-worker=262144"
    "memorysetup-temp-allocator-size-preload-manager=33554432"
    "memorysetup-temp-allocator-size-nav-mesh-worker=65536"
    "memorysetup-temp-allocator-size-audio-worker=65536"
    "memorysetup-temp-allocator-size-cloud-worker=32768"
    "memorysetup-temp-allocator-size-gi-baking-worker=262144"
    "memorysetup-temp-allocator-size-gfx=262144"
Player connection [20224] Host "[IP] 192.168.219.106 [Port] 0 [Flags] 2 [Guid] 4197668588 [EditorId] 4197668588 [Version] 1048832 [Id] WindowsEditor(7,DESKTOP-IPHTLR1) [Debug] 1 [PackageName] WindowsEditor [ProjectName] Editor" joined multi-casting on [225.0.0.222:54997]...

Player connection [20224] Host "[IP] 192.168.219.106 [Port] 0 [Flags] 2 [Guid] 4197668588 [EditorId] 4197668588 [Version] 1048832 [Id] WindowsEditor(7,DESKTOP-IPHTLR1) [Debug] 1 [PackageName] WindowsEditor [ProjectName] Editor" joined alternative multi-casting on [225.0.0.222:34997]...

Refreshing native plugins compatible for Editor in 78.31 ms, found 3 plugins.
Preloading 0 native plugins for Editor in 0.00 ms.
Initialize engine version: 2021.3.19f1 (c9714fde33b6)
[Subsystems] Discovering subsystems at path C:/Program Files/Unity/Hub/Editor/2021.3.19f1/Editor/Data/Resources/UnitySubsystems
[Subsystems] Discovering subsystems at path C:/Users/cnpdi/Desktop/Git/Seopname/SeopGame/Assets
GfxDevice: creating device client; threaded=0; jobified=0
Direct3D:
    Version:  Direct3D 11.0 [level 11.1]
    Renderer: NVIDIA GeForce GTX 1660 (ID=0x2184)
    Vendor:   NVIDIA
    VRAM:     5991 MB
    Driver:   31.0.15.1694
Initialize mono
Mono path[0] = 'C:/Program Files/Unity/Hub/Editor/2021.3.19f1/Editor/Data/Managed'
Mono path[1] = 'C:/Program Files/Unity/Hub/Editor/2021.3.19f1/Editor/Data/MonoBleedingEdge/lib/mono/unityjit-win32'
Mono config path = 'C:/Program Files/Unity/Hub/Editor/2021.3.19f1/Editor/Data/MonoBleedingEdge/etc'
Using monoOptions --debugger-agent=transport=dt_socket,embedding=1,server=y,suspend=n,address=127.0.0.1:56640
Begin MonoManager ReloadAssembly
Registering precompiled unity dll's ...
Register platform support module: C:/Program Files/Unity/Hub/Editor/2021.3.19f1/Editor/Data/PlaybackEngines/AndroidPlayer/UnityEditor.Android.Extensions.dll
Register platform support module: C:/Program Files/Unity/Hub/Editor/2021.3.19f1/Editor/Data/PlaybackEngines/iOSSupport/UnityEditor.iOS.Extensions.dll
Register platform support module: C:/Program Files/Unity/Hub/Editor/2021.3.19f1/Editor/Data/PlaybackEngines/WindowsStandaloneSupport/UnityEditor.WindowsStandalone.Extensions.dll
Registered in 0.035146 seconds.
Native extension for WindowsStandalone target not found
[usbmuxd] Start listen thread
[usbmuxd] Listen thread started
Native extension for iOS target not found
Native extension for Android target not found
Android Extension - Scanning For ADB Devices 537 ms
Refreshing native plugins compatible for Editor in 72.50 ms, found 3 plugins.
Preloading 0 native plugins for Editor in 0.00 ms.
Mono: successfully reloaded assembly
- Completed reload, in  1.329 seconds
Domain Reload Profiling:
	ReloadAssembly (1330ms)
		BeginReloadAssembly (128ms)
			ExecutionOrderSort (0ms)
			DisableScriptedObjects (0ms)
			BackupInstance (0ms)
			ReleaseScriptingObjects (0ms)
			CreateAndSetChildDomain (1ms)
		EndReloadAssembly (1029ms)
			LoadAssemblies (121ms)
			RebuildTransferFunctionScriptingTraits (0ms)
			SetupTypeCache (115ms)
			ReleaseScriptCaches (0ms)
			RebuildScriptCaches (28ms)
			SetupLoadedEditorAssemblies (819ms)
				LogAssemblyErrors (0ms)
				InitializePlatformSupportModulesInManaged (623ms)
				SetLoadedEditorAssemblies (0ms)
				RefreshPlugins (73ms)
				BeforeProcessingInitializeOnLoad (1ms)
				ProcessInitializeOnLoadAttributes (77ms)
				ProcessInitializeOnLoadMethodAttributes (45ms)
				AfterProcessingInitializeOnLoad (0ms)
				EditorAssembliesLoaded (0ms)
			ExecutionOrderSort2 (0ms)
			AwakeInstancesAfterBackupRestoration (0ms)
Platform modules already initialized, skipping
Registering precompiled user dll's ...
Registered in 0.014277 seconds.
Begin MonoManager ReloadAssembly
Symbol file LoadedFromMemory doesn't match image C:\Users\cnpdi\Desktop\Git\Seopname\SeopGame\Library\PackageCache\com.unity.visualscripting@1.8.0\Editor\VisualScripting.Core\Dependencies\YamlDotNet\Unity.VisualScripting.YamlDotNet.dll
Symbol file LoadedFromMemory doesn't match image C:\Users\cnpdi\Desktop\Git\Seopname\SeopGame\Library\PackageCache\com.unity.visualscripting@1.8.0\Editor\VisualScripting.Core\Dependencies\DotNetZip\Unity.VisualScripting.IonicZip.dll
Native extension for WindowsStandalone target not found
Native extension for iOS target not found
Native extension for Android target not found
Refreshing native plugins compatible for Editor in 0.47 ms, found 3 plugins.
Preloading 0 native plugins for Editor in 0.00 ms.
Mono: successfully reloaded assembly
- Completed reload, in  1.148 seconds
Domain Reload Profiling:
	ReloadAssembly (1148ms)
		BeginReloadAssembly (165ms)
			ExecutionOrderSort (0ms)
			DisableScriptedObjects (5ms)
			BackupInstance (0ms)
			ReleaseScriptingObjects (0ms)
			CreateAndSetChildDomain (18ms)
		EndReloadAssembly (840ms)
			LoadAssemblies (145ms)
			RebuildTransferFunctionScriptingTraits (0ms)
			SetupTypeCache (249ms)
			ReleaseScriptCaches (0ms)
			RebuildScriptCaches (47ms)
			SetupLoadedEditorAssemblies (387ms)
				LogAssemblyErrors (0ms)
				InitializePlatformSupportModulesInManaged (41ms)
				SetLoadedEditorAssemblies (0ms)
				RefreshPlugins (1ms)
				BeforeProcessingInitializeOnLoad (115ms)
				ProcessInitializeOnLoadAttributes (184ms)
				ProcessInitializeOnLoadMethodAttributes (17ms)
				AfterProcessingInitializeOnLoad (29ms)
				EditorAssembliesLoaded (0ms)
			ExecutionOrderSort2 (0ms)
			AwakeInstancesAfterBackupRestoration (13ms)
Platform modules already initialized, skipping
========================================================================
Worker process is ready to serve import requests
Launched and connected shader compiler UnityShaderCompiler.exe after 0.05 seconds
Refreshing native plugins compatible for Editor in 0.42 ms, found 3 plugins.
Preloading 0 native plugins for Editor in 0.00 ms.
Unloading 3047 Unused Serialized files (Serialized files now loaded: 0)
Unloading 24 unused Assets / (113.7 KB). Loaded Objects now: 3509.
Memory consumption went from 111.9 MB to 111.8 MB.
Total: 2.598000 ms (FindLiveObjects: 0.218200 ms CreateObjectMapping: 0.145700 ms MarkObjects: 2.145400 ms  DeleteObjects: 0.087900 ms)

AssetImportParameters requested are different than current active one (requested -> active):
  custom:video-decoder-ogg-theora: a1e56fd34408186e4bbccfd4996cb3dc -> 
  custom:container-muxer-webm: aa71ff27fc2769a1b78a27578f13a17b -> 
  custom:container-demuxer-webm: 4f35f7cbe854078d1ac9338744f61a02 -> 
  custom:video-encoder-webm-vp8: eb34c28f22e8b96e1ab97ce403110664 -> 
  custom:audio-encoder-webm-vorbis: bf7c407c2cedff20999df2af8eb42d56 -> 
  custom:framework-win-MediaFoundation: 216162199b28c13a410421893ffa2e32 -> 
  custom:container-demuxer-ogg: 62fdf1f143b41e24485cea50d1cbac27 -> 
  custom:video-decoder-webm-vp8: 9c59270c3fd7afecdb556c50c9e8de78 -> 
  custom:audio-decoder-ogg-vorbis: bf7c407c2cedff20999df2af8eb42d56 -> 
========================================================================
Received Import Request.
  Time since last request: 1024358.308010 seconds.
  path: Assets
  artifactKey: Guid(00000000000000001000000000000000) Importer(815301076,1909f56bfc062723c751e8b465ee728b)
Start importing Assets using Guid(00000000000000001000000000000000) Importer(815301076,1909f56bfc062723c751e8b465ee728b)  -> (artifact id: '79842766b460edbeab6a34051e857a80') in 0.006441 seconds 
========================================================================
Received Import Request.
  Time since last request: 1.599006 seconds.
  path: Assets/Animation
  artifactKey: Guid(ff05f39c733a26c478e364cb9cf47121) Importer(815301076,1909f56bfc062723c751e8b465ee728b)
Start importing Assets/Animation using Guid(ff05f39c733a26c478e364cb9cf47121) Importer(815301076,1909f56bfc062723c751e8b465ee728b)  -> (artifact id: '40a0b94f8982df38065a088ffe3d0ea1') in 0.003652 seconds 
========================================================================
Received Import Request.
  Time since last request: 83.545619 seconds.
  path: Assets/Resources
  artifactKey: Guid(6b2373057aa63d6468064335eb8f99fa) Importer(815301076,1909f56bfc062723c751e8b465ee728b)
Start importing Assets/Resources using Guid(6b2373057aa63d6468064335eb8f99fa) Importer(815301076,1909f56bfc062723c751e8b465ee728b)  -> (artifact id: 'c5b7dcdb11ce33650300df10942544dc') in 0.002735 seconds 
========================================================================
Received Prepare
Registering precompiled user dll's ...
Registered in 0.013958 seconds.
Begin MonoManager ReloadAssembly
Symbol file LoadedFromMemory doesn't match image C:\Users\cnpdi\Desktop\Git\Seopname\SeopGame\Library\PackageCache\com.unity.visualscripting@1.8.0\Editor\VisualScripting.Core\Dependencies\YamlDotNet\Unity.VisualScripting.YamlDotNet.dll
Symbol file LoadedFromMemory doesn't match image C:\Users\cnpdi\Desktop\Git\Seopname\SeopGame\Library\PackageCache\com.unity.visualscripting@1.8.0\Editor\VisualScripting.Core\Dependencies\DotNetZip\Unity.VisualScripting.IonicZip.dll
Native extension for WindowsStandalone target not found
Native extension for iOS target not found
Native extension for Android target not found
Refreshing native plugins compatible for Editor in 0.43 ms, found 3 plugins.
Preloading 0 native plugins for Editor in 0.00 ms.
Mono: successfully reloaded assembly
- Completed reload, in  1.164 seconds
Domain Reload Profiling:
	ReloadAssembly (1165ms)
		BeginReloadAssembly (198ms)
			ExecutionOrderSort (0ms)
			DisableScriptedObjects (5ms)
			BackupInstance (0ms)
			ReleaseScriptingObjects (0ms)
			CreateAndSetChildDomain (36ms)
		EndReloadAssembly (824ms)
			LoadAssemblies (157ms)
			RebuildTransferFunctionScriptingTraits (0ms)
			SetupTypeCache (263ms)
			ReleaseScriptCaches (1ms)
			RebuildScriptCaches (39ms)
			SetupLoadedEditorAssemblies (347ms)
				LogAssemblyErrors (0ms)
				InitializePlatformSupportModulesInManaged (45ms)
				SetLoadedEditorAssemblies (1ms)
				RefreshPlugins (0ms)
				BeforeProcessingInitializeOnLoad (93ms)
				ProcessInitializeOnLoadAttributes (162ms)
				ProcessInitializeOnLoadMethodAttributes (16ms)
				AfterProcessingInitializeOnLoad (30ms)
				EditorAssembliesLoaded (0ms)
			ExecutionOrderSort2 (0ms)
			AwakeInstancesAfterBackupRestoration (13ms)
Platform modules already initialized, skipping
Refreshing native plugins compatible for Editor in 2.81 ms, found 3 plugins.
Preloading 0 native plugins for Editor in 0.00 ms.
Unloading 3044 Unused Serialized files (Serialized files now loaded: 0)
Unloading 17 unused Assets / (80.2 KB). Loaded Objects now: 3514.
Memory consumption went from 111.9 MB to 111.8 MB.
Total: 2.684300 ms (FindLiveObjects: 0.201000 ms CreateObjectMapping: 0.115300 ms MarkObjects: 2.293700 ms  DeleteObjects: 0.073200 ms)

AssetImportParameters requested are different than current active one (requested -> active):
  custom:video-decoder-ogg-theora: a1e56fd34408186e4bbccfd4996cb3dc -> 
  custom:container-muxer-webm: aa71ff27fc2769a1b78a27578f13a17b -> 
  custom:container-demuxer-webm: 4f35f7cbe854078d1ac9338744f61a02 -> 
  custom:video-encoder-webm-vp8: eb34c28f22e8b96e1ab97ce403110664 -> 
  custom:audio-encoder-webm-vorbis: bf7c407c2cedff20999df2af8eb42d56 -> 
  custom:framework-win-MediaFoundation: 216162199b28c13a410421893ffa2e32 -> 
  custom:container-demuxer-ogg: 62fdf1f143b41e24485cea50d1cbac27 -> 
  custom:video-decoder-webm-vp8: 9c59270c3fd7afecdb556c50c9e8de78 -> 
  custom:audio-decoder-ogg-vorbis: bf7c407c2cedff20999df2af8eb42d56 -> 
========================================================================
Received Import Request.
  Time since last request: 95.423821 seconds.
  path: Assets/Yoge
  artifactKey: Guid(24cc62afb16bec94191fb424c2f7597d) Importer(815301076,1909f56bfc062723c751e8b465ee728b)
Start importing Assets/Yoge using Guid(24cc62afb16bec94191fb424c2f7597d) Importer(815301076,1909f56bfc062723c751e8b465ee728b)  -> (artifact id: 'b0be0fbb0a840c15fe31787bdf7f5022') in 0.008469 seconds 
========================================================================
Received Import Request.
  Time since last request: 1.017572 seconds.
  path: Assets/Yoge/ParallaxBackground - Forest 1
  artifactKey: Guid(64b05e39afa606b468ed66b394c24af7) Importer(815301076,1909f56bfc062723c751e8b465ee728b)
Start importing Assets/Yoge/ParallaxBackground - Forest 1 using Guid(64b05e39afa606b468ed66b394c24af7) Importer(815301076,1909f56bfc062723c751e8b465ee728b)  -> (artifact id: '5254164bb56cde6563b05cbda8ea8eb1') in 0.003329 seconds 
========================================================================
Received Import Request.
  Time since last request: 1.072839 seconds.
  path: Assets/Yoge/ParallaxBackground - Forest 1/Images
  artifactKey: Guid(dd6481d31f1db054f987925e5462cf22) Importer(815301076,1909f56bfc062723c751e8b465ee728b)
Start importing Assets/Yoge/ParallaxBackground - Forest 1/Images using Guid(dd6481d31f1db054f987925e5462cf22) Importer(815301076,1909f56bfc062723c751e8b465ee728b)  -> (artifact id: 'f5ee8b504080c69dd6c4754a2fb6c4bb') in 0.003796 seconds 
========================================================================
Received Import Request.
  Time since last request: 0.091774 seconds.
  path: Assets/Yoge/ParallaxBackground - Forest 1/Images/0.png
  artifactKey: Guid(4a680a152a952ce43acd2332def0f705) Importer(815301076,1909f56bfc062723c751e8b465ee728b)
Start importing Assets/Yoge/ParallaxBackground - Forest 1/Images/0.png using Guid(4a680a152a952ce43acd2332def0f705) Importer(815301076,1909f56bfc062723c751e8b465ee728b)  -> (artifact id: '5a6fa7026a5fc36c08d8af9facb49893') in 0.238872 seconds 
========================================================================
Received Import Request.
  Time since last request: 0.000017 seconds.
  path: Assets/Yoge/ParallaxBackground - Forest 1/Images/4.png
  artifactKey: Guid(a9957e9b1e7b81d4cab8e6da931e94e4) Importer(815301076,1909f56bfc062723c751e8b465ee728b)
Start importing Assets/Yoge/ParallaxBackground - Forest 1/Images/4.png using Guid(a9957e9b1e7b81d4cab8e6da931e94e4) Importer(815301076,1909f56bfc062723c751e8b465ee728b)  -> (artifact id: '25e57d57c3ace3d676e46d6fd6a6c94f') in 0.349229 seconds 
========================================================================
Received Import Request.
  Time since last request: 0.000023 seconds.
  path: Assets/Yoge/ParallaxBackground - Forest 1/Images/5.png
  artifactKey: Guid(d3ef3bea4a32c554e88af0c5c0b87708) Importer(815301076,1909f56bfc062723c751e8b465ee728b)
Start importing Assets/Yoge/ParallaxBackground - Forest 1/Images/5.png using Guid(d3ef3bea4a32c554e88af0c5c0b87708) Importer(815301076,1909f56bfc062723c751e8b465ee728b)  -> (artifact id: 'c37b492ae29141a96fdb267ab3028023') in 0.307536 seconds 
========================================================================
Received Import Request.
  Time since last request: 0.000018 seconds.
  path: Assets/Yoge/ParallaxBackground - Forest 1/Images/6.png
  artifactKey: Guid(f48bf19d2aa81f448b1a45891a189499) Importer(815301076,1909f56bfc062723c751e8b465ee728b)
Start importing Assets/Yoge/ParallaxBackground - Forest 1/Images/6.png using Guid(f48bf19d2aa81f448b1a45891a189499) Importer(815301076,1909f56bfc062723c751e8b465ee728b)  -> (artifact id: 'c12c9e26db6a0f4d126bf33351550d30') in 0.252876 seconds 
========================================================================
Received Import Request.
  Time since last request: 0.000027 seconds.
  path: Assets/Yoge/ParallaxBackground - Forest 1/Images/3.png
  artifactKey: Guid(a270e85dd28764e40929a579847b1a84) Importer(815301076,1909f56bfc062723c751e8b465ee728b)
Start importing Assets/Yoge/ParallaxBackground - Forest 1/Images/3.png using Guid(a270e85dd28764e40929a579847b1a84) Importer(815301076,1909f56bfc062723c751e8b465ee728b)  -> (artifact id: '3c5fb8a27b20cc2ee9c242517bfbc27a') in 0.402996 seconds 
========================================================================
Received Import Request.
  Time since last request: 0.000019 seconds.
  path: Assets/Yoge/ParallaxBackground - Forest 1/Images/2.png
  artifactKey: Guid(3eb0f6adad6cdda439ae49f4ca11127a) Importer(815301076,1909f56bfc062723c751e8b465ee728b)
Start importing Assets/Yoge/ParallaxBackground - Forest 1/Images/2.png using Guid(3eb0f6adad6cdda439ae49f4ca11127a) Importer(815301076,1909f56bfc062723c751e8b465ee728b)  -> (artifact id: 'cb2b95e2e8307cb40eb5d0be35568d8d') in 0.179292 seconds 
========================================================================
Received Import Request.
  Time since last request: 0.000023 seconds.
  path: Assets/Yoge/ParallaxBackground - Forest 1/Images/1.png
  artifactKey: Guid(13a4b86f326c6c844aa0f867d95acc1f) Importer(815301076,1909f56bfc062723c751e8b465ee728b)
Start importing Assets/Yoge/ParallaxBackground - Forest 1/Images/1.png using Guid(13a4b86f326c6c844aa0f867d95acc1f) Importer(815301076,1909f56bfc062723c751e8b465ee728b)  -> (artifact id: '6206d4e1d365e59ae942fd72f550e1de') in 0.204501 seconds 
========================================================================
Received Import Request.
  Time since last request: 6.976159 seconds.
  path: Assets/Yoge/ParallaxBackground - Forest 1/Backgrounf
  artifactKey: Guid(dd6481d31f1db054f987925e5462cf22) Importer(815301076,1909f56bfc062723c751e8b465ee728b)
Start importing Assets/Yoge/ParallaxBackground - Forest 1/Backgrounf using Guid(dd6481d31f1db054f987925e5462cf22) Importer(815301076,1909f56bfc062723c751e8b465ee728b)  -> (artifact id: 'df5afbe8b75e526b4038fde901d941c0') in 0.003301 seconds 
========================================================================
Received Import Request.
  Time since last request: 2.781486 seconds.
  path: Assets/Yoge/ParallaxBackground - Forest 1/Background
  artifactKey: Guid(dd6481d31f1db054f987925e5462cf22) Importer(815301076,1909f56bfc062723c751e8b465ee728b)
Start importing Assets/Yoge/ParallaxBackground - Forest 1/Background using Guid(dd6481d31f1db054f987925e5462cf22) Importer(815301076,1909f56bfc062723c751e8b465ee728b)  -> (artifact id: '395994005a647ecc1dffe7d48fc84778') in 0.003145 seconds 
========================================================================
Received Import Request.
  Time since last request: 61.303804 seconds.
  path: Assets/Yoge/ParallaxBackground - Forest 1/Scripts
  artifactKey: Guid(802c6b7ac918a5e488e64fe3bc81d68f) Importer(815301076,1909f56bfc062723c751e8b465ee728b)
Start importing Assets/Yoge/ParallaxBackground - Forest 1/Scripts using Guid(802c6b7ac918a5e488e64fe3bc81d68f) Importer(815301076,1909f56bfc062723c751e8b465ee728b)  -> (artifact id: 'fab73a63e925db48a938f61b462d69ad') in 0.004057 seconds 
========================================================================
Received Import Request.
  Time since last request: 1.115446 seconds.
  path: Assets/Yoge/ParallaxBackground - Forest 1/Scripts/CameraMovement.cs
  artifactKey: Guid(1be97b0777ecbdb4c9094d6e21d58177) Importer(815301076,1909f56bfc062723c751e8b465ee728b)
Start importing Assets/Yoge/ParallaxBackground - Forest 1/Scripts/CameraMovement.cs using Guid(1be97b0777ecbdb4c9094d6e21d58177) Importer(815301076,1909f56bfc062723c751e8b465ee728b)  -> (artifact id: 'd9d191b7408ec3b9e94b09ce22f2d686') in 0.029509 seconds 
========================================================================
Received Import Request.
  Time since last request: 0.693981 seconds.
  path: Assets/Yoge/ParallaxBackground - Forest 1/Scripts/Parallax.cs
  artifactKey: Guid(9a5b7857eadb41b45af3bf53391b77b0) Importer(815301076,1909f56bfc062723c751e8b465ee728b)
Start importing Assets/Yoge/ParallaxBackground - Forest 1/Scripts/Parallax.cs using Guid(9a5b7857eadb41b45af3bf53391b77b0) Importer(815301076,1909f56bfc062723c751e8b465ee728b)  -> (artifact id: '8660200add30739933fc2bdbc8149a9d') in 0.003246 seconds 
========================================================================
Received Import Request.
  Time since last request: 47.286655 seconds.
  path: Assets/Scenes
  artifactKey: Guid(6ea315d0fd7389c41b19996891e99ae3) Importer(815301076,1909f56bfc062723c751e8b465ee728b)
Start importing Assets/Scenes using Guid(6ea315d0fd7389c41b19996891e99ae3) Importer(815301076,1909f56bfc062723c751e8b465ee728b)  -> (artifact id: 'b8193726cff86800c54781cdc6d54904') in 0.005141 seconds 
========================================================================
Received Import Request.
  Time since last request: 81.432906 seconds.
  path: ProjectSettings/TagManager.asset
  artifactKey: Guid(00000000000000003000000000000000) Importer(815301076,1909f56bfc062723c751e8b465ee728b)
Start importing ProjectSettings/TagManager.asset using Guid(00000000000000003000000000000000) Importer(815301076,1909f56bfc062723c751e8b465ee728b)  -> (artifact id: '5f74b9f0782f3ffe8a654b2b60a9f33c') in 0.012095 seconds 
========================================================================
Received Import Request.
  Time since last request: 290.833231 seconds.
  path: Assets/Script
  artifactKey: Guid(d2ac68046819db749a360882109ef0ad) Importer(815301076,1909f56bfc062723c751e8b465ee728b)
Start importing Assets/Script using Guid(d2ac68046819db749a360882109ef0ad) Importer(815301076,1909f56bfc062723c751e8b465ee728b)  -> (artifact id: '5cebcfc5c0df6c0b84e08115a439e30c') in 0.004350 seconds 
========================================================================
Received Import Request.
  Time since last request: 21.144705 seconds.
  path: Assets/Script/BackgroundController.cs
  artifactKey: Guid(02d6043f825f6e749bf9f1f20620f37c) Importer(815301076,1909f56bfc062723c751e8b465ee728b)
Start importing Assets/Script/BackgroundController.cs using Guid(02d6043f825f6e749bf9f1f20620f37c) Importer(815301076,1909f56bfc062723c751e8b465ee728b)  -> (artifact id: 'ea9e15ad6af28c343cbe141af402e537') in 0.004563 seconds 
========================================================================
Received Prepare
Registering precompiled user dll's ...
Registered in 0.017600 seconds.
Begin MonoManager ReloadAssembly
Symbol file LoadedFromMemory doesn't match image C:\Users\cnpdi\Desktop\Git\Seopname\SeopGame\Library\PackageCache\com.unity.visualscripting@1.8.0\Editor\VisualScripting.Core\Dependencies\YamlDotNet\Unity.VisualScripting.YamlDotNet.dll
Symbol file LoadedFromMemory doesn't match image C:\Users\cnpdi\Desktop\Git\Seopname\SeopGame\Library\PackageCache\com.unity.visualscripting@1.8.0\Editor\VisualScripting.Core\Dependencies\DotNetZip\Unity.VisualScripting.IonicZip.dll
Native extension for WindowsStandalone target not found
Native extension for iOS target not found
Native extension for Android target not found
Refreshing native plugins compatible for Editor in 0.50 ms, found 3 plugins.
Preloading 0 native plugins for Editor in 0.00 ms.
Mono: successfully reloaded assembly
- Completed reload, in  1.407 seconds
Domain Reload Profiling:
	ReloadAssembly (1407ms)
		BeginReloadAssembly (200ms)
			ExecutionOrderSort (0ms)
			DisableScriptedObjects (5ms)
			BackupInstance (0ms)
			ReleaseScriptingObjects (0ms)
			CreateAndSetChildDomain (32ms)
		EndReloadAssembly (1059ms)
			LoadAssemblies (167ms)
			RebuildTransferFunctionScriptingTraits (0ms)
			SetupTypeCache (260ms)
			ReleaseScriptCaches (1ms)
			RebuildScriptCaches (48ms)
			SetupLoadedEditorAssemblies (506ms)
				LogAssemblyErrors (0ms)
				InitializePlatformSupportModulesInManaged (65ms)
				SetLoadedEditorAssemblies (2ms)
				RefreshPlugins (1ms)
				BeforeProcessingInitializeOnLoad (215ms)
				ProcessInitializeOnLoadAttributes (175ms)
				ProcessInitializeOnLoadMethodAttributes (17ms)
				AfterProcessingInitializeOnLoad (32ms)
				EditorAssembliesLoaded (0ms)
			ExecutionOrderSort2 (0ms)
			AwakeInstancesAfterBackupRestoration (14ms)
Platform modules already initialized, skipping
Refreshing native plugins compatible for Editor in 2.84 ms, found 3 plugins.
Preloading 0 native plugins for Editor in 0.00 ms.
Unloading 3045 Unused Serialized files (Serialized files now loaded: 0)
Unloading 18 unused Assets / (80.3 KB). Loaded Objects now: 3542.
Memory consumption went from 116.3 MB to 116.2 MB.
Total: 2.191300 ms (FindLiveObjects: 0.201500 ms CreateObjectMapping: 0.111800 ms MarkObjects: 1.805700 ms  DeleteObjects: 0.071500 ms)

AssetImportParameters requested are different than current active one (requested -> active):
  custom:video-decoder-ogg-theora: a1e56fd34408186e4bbccfd4996cb3dc -> 
  custom:container-muxer-webm: aa71ff27fc2769a1b78a27578f13a17b -> 
  custom:container-demuxer-webm: 4f35f7cbe854078d1ac9338744f61a02 -> 
  custom:video-encoder-webm-vp8: eb34c28f22e8b96e1ab97ce403110664 -> 
  custom:audio-encoder-webm-vorbis: bf7c407c2cedff20999df2af8eb42d56 -> 
  custom:framework-win-MediaFoundation: 216162199b28c13a410421893ffa2e32 -> 
  custom:container-demuxer-ogg: 62fdf1f143b41e24485cea50d1cbac27 -> 
  custom:video-decoder-webm-vp8: 9c59270c3fd7afecdb556c50c9e8de78 -> 
  custom:audio-decoder-ogg-vorbis: bf7c407c2cedff20999df2af8eb42d56 -> 
========================================================================
Received Import Request.
  Time since last request: 204.454083 seconds.
  path: Assets/Script/BackgroundController.cs
  artifactKey: Guid(02d6043f825f6e749bf9f1f20620f37c) Importer(815301076,1909f56bfc062723c751e8b465ee728b)
Start importing Assets/Script/BackgroundController.cs using Guid(02d6043f825f6e749bf9f1f20620f37c) Importer(815301076,1909f56bfc062723c751e8b465ee728b)  -> (artifact id: '38303227a5d057cffe51bb673e292d0e') in 0.037563 seconds 
========================================================================
Received Import Request.
  Time since last request: 18.838155 seconds.
  path: Assets/Script/PlayerController.cs
  artifactKey: Guid(60b8aa16a4020eb4baf522c0adeee602) Importer(815301076,1909f56bfc062723c751e8b465ee728b)
Start importing Assets/Script/PlayerController.cs using Guid(60b8aa16a4020eb4baf522c0adeee602) Importer(815301076,1909f56bfc062723c751e8b465ee728b)  -> (artifact id: '1cbc11d432a111a553385f45b31e59a0') in 0.003391 seconds 
========================================================================
Received Import Request.
  Time since last request: 33.933568 seconds.
  path: Assets/Script/PlayerController.cs
  artifactKey: Guid(60b8aa16a4020eb4baf522c0adeee602) Importer(815301076,1909f56bfc062723c751e8b465ee728b)
Start importing Assets/Script/PlayerController.cs using Guid(60b8aa16a4020eb4baf522c0adeee602) Importer(815301076,1909f56bfc062723c751e8b465ee728b)  -> (artifact id: '2eff31dd3350f71cef53f8fd5be96fe5') in 0.003973 seconds 
========================================================================
Received Import Request.
  Time since last request: 72.819587 seconds.
  path: Assets/Script/ControllerManager.cs
  artifactKey: Guid(759ad52a44bd4e94480b7ec43237fc3b) Importer(815301076,1909f56bfc062723c751e8b465ee728b)
Start importing Assets/Script/ControllerManager.cs using Guid(759ad52a44bd4e94480b7ec43237fc3b) Importer(815301076,1909f56bfc062723c751e8b465ee728b)  -> (artifact id: 'a2e4ec108e19f60b5b0dbea30ab032d2') in 0.003632 seconds 
========================================================================
Received Import Request.
  Time since last request: 43.748311 seconds.
  path: Assets/Script/ControllerManager.cs
  artifactKey: Guid(759ad52a44bd4e94480b7ec43237fc3b) Importer(815301076,1909f56bfc062723c751e8b465ee728b)
Start importing Assets/Script/ControllerManager.cs using Guid(759ad52a44bd4e94480b7ec43237fc3b) Importer(815301076,1909f56bfc062723c751e8b465ee728b)  -> (artifact id: '794e8c0a8620f12ccd2e982d36752d5c') in 0.020210 seconds 
========================================================================
Received Import Request.
  Time since last request: 29.380999 seconds.
  path: Assets/Script/BackgroundController.cs
  artifactKey: Guid(02d6043f825f6e749bf9f1f20620f37c) Importer(815301076,1909f56bfc062723c751e8b465ee728b)
Start importing Assets/Script/BackgroundController.cs using Guid(02d6043f825f6e749bf9f1f20620f37c) Importer(815301076,1909f56bfc062723c751e8b465ee728b)  -> (artifact id: '705c2c19d1213d686ed4f0ca3b506ef7') in 0.003165 seconds 
========================================================================
Received Import Request.
  Time since last request: 110.276953 seconds.
  path: Assets/Script/BackgroundController.cs
  artifactKey: Guid(02d6043f825f6e749bf9f1f20620f37c) Importer(815301076,1909f56bfc062723c751e8b465ee728b)
Start importing Assets/Script/BackgroundController.cs using Guid(02d6043f825f6e749bf9f1f20620f37c) Importer(815301076,1909f56bfc062723c751e8b465ee728b)  -> (artifact id: 'fc157b9f26fc65f56889422e76f86905') in 0.016580 seconds 
========================================================================
Received Import Request.
  Time since last request: 42.430198 seconds.
  path: Assets/Script/BackGroundController.cs
  artifactKey: Guid(02d6043f825f6e749bf9f1f20620f37c) Importer(815301076,1909f56bfc062723c751e8b465ee728b)
Start importing Assets/Script/BackGroundController.cs using Guid(02d6043f825f6e749bf9f1f20620f37c) Importer(815301076,1909f56bfc062723c751e8b465ee728b)  -> (artifact id: 'bb7a470b3450a4731f617f23f51798e5') in 0.005282 seconds 
========================================================================
Received Import Request.
  Time since last request: 214.950128 seconds.
  path: ProjectSettings/TagManager.asset
  artifactKey: Guid(00000000000000003000000000000000) Importer(815301076,1909f56bfc062723c751e8b465ee728b)
Start importing ProjectSettings/TagManager.asset using Guid(00000000000000003000000000000000) Importer(815301076,1909f56bfc062723c751e8b465ee728b)  -> (artifact id: 'ab873640e7bd186d175ca3b50adf650a') in 0.104582 seconds 
